# JRE version: Java(TM) SE Runtime Environment (17.0.12+8) (build 17.0.12+8-LTS-286)
# Java VM: Java HotSpot(TM) 64-Bit Server VM (17.0.12+8-LTS-286, mixed mode, emulated-client, sharing, tiered, compressed oops, compressed class ptrs, g1 gc, windows-amd64)
GC Precious Log:
 CPUs: 8 total, 8 available
 Memory: 3947M
 Large Page Support: Disabled
 NUMA Support: Disabled
 Compressed Oops: Enabled (32-bit)
 Heap Region Size: 1M
 Heap Min Capacity: 8M
 Heap Initial Capacity: 62M
 Heap Max Capacity: 988M
 Pre-touch: Disabled
 Parallel Workers: 8
 Concurrent Workers: 2
 Concurrent Refinement Workers: 8
 Periodic GC: Disabled
Heap:
 garbage-first heap   total 45056K, used 15453K [0x00000000c2400000, 0x0000000100000000)
  region size 1024K, 2 young (2048K), 2 survivors (2048K)
 Metaspace       used 27232K, committed 27648K, reserved 1114112K
  class space    used 3774K, committed 3968K, reserved 1048576K
GC Heap History (11 events):
Event: 1.066 GC heap before
{Heap before GC invocations=0 (full 0):
 garbage-first heap   total 63488K, used 22528K [0x00000000c2400000, 0x0000000100000000)
  region size 1024K, 23 young (23552K), 0 survivors (0K)
 Metaspace       used 8315K, committed 8512K, reserved 1114112K
  class space    used 1069K, committed 1152K, reserved 1048576K
}
Event: 1.075 GC heap after
{Heap after GC invocations=1 (full 0):
 garbage-first heap   total 63488K, used 5922K [0x00000000c2400000, 0x0000000100000000)
  region size 1024K, 3 young (3072K), 3 survivors (3072K)
 Metaspace       used 8315K, committed 8512K, reserved 1114112K
  class space    used 1069K, committed 1152K, reserved 1048576K
}
Event: 1.628 GC heap before
{Heap before GC invocations=1 (full 0):
 garbage-first heap   total 63488K, used 28450K [0x00000000c2400000, 0x0000000100000000)
  region size 1024K, 26 young (26624K), 3 survivors (3072K)
 Metaspace       used 13442K, committed 13824K, reserved 1114112K
  class space    used 1817K, committed 1984K, reserved 1048576K
}
Event: 1.634 GC heap after
{Heap after GC invocations=2 (full 0):
 garbage-first heap   total 63488K, used 7711K [0x00000000c2400000, 0x0000000100000000)
  region size 1024K, 2 young (2048K), 2 survivors (2048K)
 Metaspace       used 13442K, committed 13824K, reserved 1114112K
  class space    used 1817K, committed 1984K, reserved 1048576K
}
Event: 2.018 GC heap before
{Heap before GC invocations=2 (full 0):
 garbage-first heap   total 63488K, used 32287K [0x00000000c2400000, 0x0000000100000000)
  region size 1024K, 27 young (27648K), 2 survivors (2048K)
 Metaspace       used 18912K, committed 19200K, reserved 1114112K
  class space    used 2566K, committed 2688K, reserved 1048576K
}
Event: 2.023 GC heap after
{Heap after GC invocations=3 (full 0):
 garbage-first heap   total 63488K, used 9719K [0x00000000c2400000, 0x0000000100000000)
  region size 1024K, 4 young (4096K), 4 survivors (4096K)
 Metaspace       used 18912K, committed 19200K, reserved 1114112K
  class space    used 2566K, committed 2688K, reserved 1048576K
}
Event: 2.880 GC heap before
{Heap before GC invocations=3 (full 0):
 garbage-first heap   total 63488K, used 32247K [0x00000000c2400000, 0x0000000100000000)
  region size 1024K, 27 young (27648K), 4 survivors (4096K)
 Metaspace       used 21169K, committed 21504K, reserved 1114112K
  class space    used 2890K, committed 3008K, reserved 1048576K
}
Event: 2.887 GC heap after
{Heap after GC invocations=4 (full 0):
 garbage-first heap   total 63488K, used 11661K [0x00000000c2400000, 0x0000000100000000)
  region size 1024K, 4 young (4096K), 4 survivors (4096K)
 Metaspace       used 21169K, committed 21504K, reserved 1114112K
  class space    used 2890K, committed 3008K, reserved 1048576K
}
Event: 3.336 GC heap before
{Heap before GC invocations=5 (full 0):
 garbage-first heap   total 45056K, used 33165K [0x00000000c2400000, 0x0000000100000000)
  region size 1024K, 26 young (26624K), 4 survivors (4096K)
 Metaspace       used 24534K, committed 25024K, reserved 1114112K
  class space    used 3439K, committed 3648K, reserved 1048576K
}
Event: 3.370 GC heap after
{Heap after GC invocations=6 (full 0):
 garbage-first heap   total 45056K, used 13605K [0x00000000c2400000, 0x0000000100000000)
  region size 1024K, 4 young (4096K), 4 survivors (4096K)
 Metaspace       used 24534K, committed 25024K, reserved 1114112K
  class space    used 3439K, committed 3648K, reserved 1048576K
}
Event: 3.850 GC heap before
{Heap before GC invocations=6 (full 0):
 garbage-first heap   total 45056K, used 32037K [0x00000000c2400000, 0x0000000100000000)
  region size 1024K, 22 young (22528K), 4 survivors (4096K)
 Metaspace       used 27232K, committed 27648K, reserved 1114112K
  class space    used 3774K, committed 3968K, reserved 1048576K
}

